\BOOKMARK [1][-]{section.1}{\376\377\153\324\215\133\124\015\171\360}{}% 1
\BOOKMARK [1][-]{section.2}{\376\377\142\020\124\130}{}% 2
\BOOKMARK [1][-]{section.3}{\376\377\225\356\230\230\133\232\116\111}{}% 3
\BOOKMARK [2][-]{subsection.3.1}{\376\377\000P\000r\000e\000d\000i\000c\000t\000i\000n\000g\000\040\000C\000O\0002\000\040\000E\000m\000i\000s\000s\000i\000o\000n\000s}{section.3}% 4
\BOOKMARK [2][-]{subsection.3.2}{\376\377\000D\000a\000t\000a\000s\000e\000t}{section.3}% 5
\BOOKMARK [2][-]{subsection.3.3}{\376\377\000E\000v\000a\000l\000u\000a\000t\000i\000o\000n}{section.3}% 6
\BOOKMARK [1][-]{section.4}{\376\377\145\160\143\156\122\006\147\220}{}% 7
\BOOKMARK [2][-]{subsection.4.1}{\376\377\145\160\143\156\151\202\211\310\116\016\162\171\140\047}{section.4}% 8
\BOOKMARK [2][-]{subsection.4.2}{\376\377\162\171\137\201\122\006\147\220}{section.4}% 9
\BOOKMARK [3][-]{subsubsection.4.2.1}{\376\377\136\164\116\375\116\016\124\150\145\160}{subsection.4.2}% 10
\BOOKMARK [3][-]{subsubsection.4.2.2}{\376\377\176\317\176\254\136\246}{subsection.4.2}% 11
\BOOKMARK [3][-]{subsubsection.4.2.3}{\376\377\121\166\116\326\162\171\137\201}{subsection.4.2}% 12
\BOOKMARK [3][-]{subsubsection.4.2.4}{\376\377\147\103\221\315\221\317\123\026}{subsection.4.2}% 13
\BOOKMARK [2][-]{subsection.4.3}{\376\377\145\160\143\156\230\204\131\004\164\006}{section.4}% 14
\BOOKMARK [3][-]{subsubsection.4.3.1}{\376\377\177\072\131\061\120\074\131\004\164\006}{subsection.4.3}% 15
\BOOKMARK [3][-]{subsubsection.4.3.2}{\376\377\137\002\136\070\120\074\131\004\164\006}{subsection.4.3}% 16
\BOOKMARK [3][-]{subsubsection.4.3.3}{\376\377\162\171\137\201\220\011\142\351}{subsection.4.3}% 17
\BOOKMARK [2][-]{subsection.4.4}{\376\377\152\041\127\213\213\255\176\303}{section.4}% 18
\BOOKMARK [1][-]{section.5}{\376\377\213\304\117\060}{}% 19
\BOOKMARK [1][-]{section.6}{\376\377\126\342\226\037\142\020\124\130\122\006\135\345}{}% 20
\BOOKMARK [2][-]{subsection.6.1}{\376\377\124\025\140\035\177\360}{section.6}% 21
\BOOKMARK [2][-]{subsection.6.2}{\376\377\147\145\154\375\217\334}{section.6}% 22
\BOOKMARK [2][-]{subsection.6.3}{\376\377\146\371\133\270\164\136}{section.6}% 23
\BOOKMARK [1][-]{section.7}{\376\377\116\052\116\272\140\073\176\323\116\016\141\037\140\237}{}% 24
